# JRE version: Java(TM) SE Runtime Environment (21.0.1+12) (build 21.0.1+12-LTS-29)
# Java VM: Java HotSpot(TM) 64-Bit Server VM (21.0.1+12-LTS-29, mixed mode, sharing, tiered, compressed oops, compressed class ptrs, g1 gc, windows-amd64)
GC Precious Log:
 CardTable entry size: 512
 Card Set container configuration: InlinePtr #cards 4 size 8 Array Of Cards #cards 16 size 48 Howl #buckets 8 coarsen threshold 3686 Howl Bitmap #cards 512 size 80 coarsen threshold 460 Card regions per heap region 1 cards per card region 4096
 CPUs: 12 total, 12 available
 Memory: 15741M
 Large Page Support: Disabled
 NUMA Support: Disabled
 Compressed Oops: Enabled (Zero based)
 Heap Region Size: 2M
 Heap Min Capacity: 8M
 Heap Initial Capacity: 246M
 Heap Max Capacity: 3936M
 Pre-touch: Disabled
 Parallel Workers: 10
 Concurrent Workers: 3
 Concurrent Refinement Workers: 10
 Periodic GC: Disabled
Heap:
 garbage-first heap   total 131072K, used 77401K [0x000000070a000000, 0x0000000800000000)
  region size 2048K, 10 young (20480K), 2 survivors (4096K)
 Metaspace       used 37966K, committed 38592K, reserved 1114112K
  class space    used 5271K, committed 5568K, reserved 1048576K
GC Heap History (20 events):
Event: 1.677 GC heap before
{Heap before GC invocations=0 (full 0):
 garbage-first heap   total 251904K, used 22528K [0x000000070a000000, 0x0000000800000000)
  region size 2048K, 11 young (22528K), 0 survivors (0K)
 Metaspace       used 3871K, committed 4032K, reserved 1114112K
  class space    used 369K, committed 448K, reserved 1048576K
}
Event: 1.685 GC heap after
{Heap after GC invocations=1 (full 0):
 garbage-first heap   total 251904K, used 5722K [0x000000070a000000, 0x0000000800000000)
  region size 2048K, 2 young (4096K), 2 survivors (4096K)
 Metaspace       used 3871K, committed 4032K, reserved 1114112K
  class space    used 369K, committed 448K, reserved 1048576K
}
Event: 3.747 GC heap before
{Heap before GC invocations=1 (full 0):
 garbage-first heap   total 251904K, used 32346K [0x000000070a000000, 0x0000000800000000)
  region size 2048K, 16 young (32768K), 2 survivors (4096K)
 Metaspace       used 14663K, committed 14912K, reserved 1114112K
  class space    used 1727K, committed 1856K, reserved 1048576K
}
Event: 3.756 GC heap after
{Heap after GC invocations=2 (full 0):
 garbage-first heap   total 251904K, used 9943K [0x000000070a000000, 0x0000000800000000)
  region size 2048K, 2 young (4096K), 2 survivors (4096K)
 Metaspace       used 14663K, committed 14912K, reserved 1114112K
  class space    used 1727K, committed 1856K, reserved 1048576K
}
Event: 5.647 GC heap before
{Heap before GC invocations=2 (full 0):
 garbage-first heap   total 251904K, used 46807K [0x000000070a000000, 0x0000000800000000)
  region size 2048K, 22 young (45056K), 2 survivors (4096K)
 Metaspace       used 21115K, committed 21504K, reserved 1114112K
  class space    used 2762K, committed 2944K, reserved 1048576K
}
Event: 5.658 GC heap after
{Heap after GC invocations=3 (full 0):
 garbage-first heap   total 251904K, used 14199K [0x000000070a000000, 0x0000000800000000)
  region size 2048K, 4 young (8192K), 4 survivors (8192K)
 Metaspace       used 21115K, committed 21504K, reserved 1114112K
  class space    used 2762K, committed 2944K, reserved 1048576K
}
Event: 6.559 GC heap before
{Heap before GC invocations=4 (full 0):
 garbage-first heap   total 55296K, used 53111K [0x000000070a000000, 0x0000000800000000)
  region size 2048K, 15 young (30720K), 4 survivors (8192K)
 Metaspace       used 23933K, committed 24384K, reserved 1114112K
  class space    used 3297K, committed 3456K, reserved 1048576K
}
Event: 6.570 GC heap after
{Heap after GC invocations=5 (full 0):
 garbage-first heap   total 71680K, used 40309K [0x000000070a000000, 0x0000000800000000)
  region size 2048K, 8 young (16384K), 8 survivors (16384K)
 Metaspace       used 23933K, committed 24384K, reserved 1114112K
  class space    used 3297K, committed 3456K, reserved 1048576K
}
Event: 6.831 GC heap before
{Heap before GC invocations=5 (full 0):
 garbage-first heap   total 71680K, used 48501K [0x000000070a000000, 0x0000000800000000)
  region size 2048K, 12 young (24576K), 8 survivors (16384K)
 Metaspace       used 25105K, committed 25536K, reserved 1114112K
  class space    used 3528K, committed 3712K, reserved 1048576K
}
Event: 6.845 GC heap after
{Heap after GC invocations=6 (full 0):
 garbage-first heap   total 71680K, used 42743K [0x000000070a000000, 0x0000000800000000)
  region size 2048K, 1 young (2048K), 1 survivors (2048K)
 Metaspace       used 25105K, committed 25536K, reserved 1114112K
  class space    used 3528K, committed 3712K, reserved 1048576K
}
Event: 7.291 GC heap before
{Heap before GC invocations=6 (full 0):
 garbage-first heap   total 71680K, used 44791K [0x000000070a000000, 0x0000000800000000)
  region size 2048K, 3 young (6144K), 1 survivors (2048K)
 Metaspace       used 25655K, committed 26176K, reserved 1114112K
  class space    used 3581K, committed 3840K, reserved 1048576K
}
Event: 7.294 GC heap after
{Heap after GC invocations=7 (full 0):
 garbage-first heap   total 71680K, used 42873K [0x000000070a000000, 0x0000000800000000)
  region size 2048K, 1 young (2048K), 1 survivors (2048K)
 Metaspace       used 25655K, committed 26176K, reserved 1114112K
  class space    used 3581K, committed 3840K, reserved 1048576K
}
Event: 9.009 GC heap before
{Heap before GC invocations=8 (full 0):
 garbage-first heap   total 81920K, used 57209K [0x000000070a000000, 0x0000000800000000)
  region size 2048K, 8 young (16384K), 1 survivors (2048K)
 Metaspace       used 29331K, committed 29824K, reserved 1114112K
  class space    used 3955K, committed 4160K, reserved 1048576K
}
Event: 9.013 GC heap after
{Heap after GC invocations=9 (full 0):
 garbage-first heap   total 81920K, used 43821K [0x000000070a000000, 0x0000000800000000)
  region size 2048K, 1 young (2048K), 1 survivors (2048K)
 Metaspace       used 29331K, committed 29824K, reserved 1114112K
  class space    used 3955K, committed 4160K, reserved 1048576K
}
Event: 13.138 GC heap before
{Heap before GC invocations=9 (full 0):
 garbage-first heap   total 81920K, used 76589K [0x000000070a000000, 0x0000000800000000)
  region size 2048K, 12 young (24576K), 1 survivors (2048K)
 Metaspace       used 34407K, committed 34880K, reserved 1114112K
  class space    used 4591K, committed 4800K, reserved 1048576K
}
Event: 13.144 GC heap after
{Heap after GC invocations=10 (full 0):
 garbage-first heap   total 83968K, used 54692K [0x000000070a000000, 0x0000000800000000)
  region size 2048K, 2 young (4096K), 2 survivors (4096K)
 Metaspace       used 34407K, committed 34880K, reserved 1114112K
  class space    used 4591K, committed 4800K, reserved 1048576K
}
Event: 13.174 GC heap before
{Heap before GC invocations=10 (full 0):
 garbage-first heap   total 83968K, used 54692K [0x000000070a000000, 0x0000000800000000)
  region size 2048K, 3 young (6144K), 2 survivors (4096K)
 Metaspace       used 34503K, committed 34944K, reserved 1114112K
  class space    used 4613K, committed 4800K, reserved 1048576K
}
Event: 13.179 GC heap after
{Heap after GC invocations=11 (full 0):
 garbage-first heap   total 83968K, used 55056K [0x000000070a000000, 0x0000000800000000)
  region size 2048K, 1 young (2048K), 1 survivors (2048K)
 Metaspace       used 34503K, committed 34944K, reserved 1114112K
  class space    used 4613K, committed 4800K, reserved 1048576K
}
Event: 13.916 GC heap before
{Heap before GC invocations=12 (full 0):
 garbage-first heap   total 102400K, used 75536K [0x000000070a000000, 0x0000000800000000)
  region size 2048K, 9 young (18432K), 1 survivors (2048K)
 Metaspace       used 36558K, committed 37120K, reserved 1114112K
  class space    used 5069K, committed 5312K, reserved 1048576K
}
Event: 13.922 GC heap after
{Heap after GC invocations=13 (full 0):
 garbage-first heap   total 131072K, used 61017K [0x000000070a000000, 0x0000000800000000)
  region size 2048K, 2 young (4096K), 2 survivors (4096K)
 Metaspace       used 36558K, committed 37120K, reserved 1114112K
  class space    used 5069K, committed 5312K, reserved 1048576K
}

